<?xml version="1.0" encoding="UTF-8"?>
<!-- Generated by org.testng.reporters.JUnitReportReporter -->
<testsuite skipped="0" hostname="Vaibhav" name="ApiAutomation.RestAssuredProject.TC0006_ListOfResource" tests="2" failures="0" timestamp="06 Mar 2021 14:34:03 GMT" time="18.187" errors="0">
  <testcase name="getListOf_Resource" time="16.449" classname="ApiAutomation.RestAssuredProject.TC0006_ListOfResource"/>
  <testcase name="getListOf_Resource_Negative" time="1.738" classname="ApiAutomation.RestAssuredProject.TC0006_ListOfResource"/>
</testsuite> <!-- ApiAutomation.RestAssuredProject.TC0006_ListOfResource -->
