<?xml version="1.0" encoding="UTF-8"?>
<!-- Generated by org.testng.reporters.JUnitReportReporter -->
<testsuite skipped="0" hostname="Vaibhav" name="ApiAutomation.RestAssuredProject.TC0008Delete_Resource" tests="2" failures="0" timestamp="06 Mar 2021 14:34:03 GMT" time="4.850" errors="0">
  <testcase name="validate_status_Code" time="0.000" classname="ApiAutomation.RestAssuredProject.TC0008Delete_Resource"/>
  <testcase name="delete_Resource" time="4.850" classname="ApiAutomation.RestAssuredProject.TC0008Delete_Resource"/>
</testsuite> <!-- ApiAutomation.RestAssuredProject.TC0008Delete_Resource -->
