<?xml version="1.0" encoding="UTF-8"?>
<!-- Generated by org.testng.reporters.JUnitReportReporter -->
<testsuite skipped="0" hostname="Vaibhav" name="ApiAutomation.RestAssuredProject.Tc0004" tests="1" failures="0" timestamp="06 Mar 2021 14:34:03 GMT" time="20.254" errors="0">
  <testcase name="getSingleUser" time="20.254" classname="ApiAutomation.RestAssuredProject.Tc0004"/>
</testsuite> <!-- ApiAutomation.RestAssuredProject.Tc0004 -->
