<?xml version="1.0" encoding="UTF-8"?>
<!-- Generated by org.testng.reporters.JUnitReportReporter -->
<testsuite skipped="0" hostname="Vaibhav" name="ApiAutomation.RestAssuredProject.TC00010Delay_User" tests="3" failures="0" timestamp="06 Mar 2021 14:34:03 GMT" time="5.055" errors="0">
  <testcase name="validate_statuc_Line" time="0.005" classname="ApiAutomation.RestAssuredProject.TC00010Delay_User"/>
  <testcase name="delay_User" time="5.045" classname="ApiAutomation.RestAssuredProject.TC00010Delay_User"/>
  <testcase name="validate_statusCode" time="0.005" classname="ApiAutomation.RestAssuredProject.TC00010Delay_User"/>
</testsuite> <!-- ApiAutomation.RestAssuredProject.TC00010Delay_User -->
