<?xml version="1.0" encoding="UTF-8"?>
<!-- Generated by org.testng.reporters.JUnitReportReporter -->
<testsuite skipped="0" hostname="Vaibhav" name="ApiAutomation.RestAssuredProject.TC0003" tests="1" failures="0" timestamp="06 Mar 2021 14:34:03 GMT" time="3.810" errors="0">
  <testcase name="getListOfEmployee" time="3.810" classname="ApiAutomation.RestAssuredProject.TC0003"/>
</testsuite> <!-- ApiAutomation.RestAssuredProject.TC0003 -->
