<?xml version="1.0" encoding="UTF-8"?>
<!-- Generated by org.testng.reporters.JUnitReportReporter -->
<testsuite skipped="0" hostname="Vaibhav" name="ApiAutomation.RestAssuredProject.TC0007_CREATE" tests="4" failures="0" timestamp="06 Mar 2021 14:34:03 GMT" time="2.075" errors="0">
  <testcase name="validate_respCode" time="0.004" classname="ApiAutomation.RestAssuredProject.TC0007_CREATE"/>
  <testcase name="create_User" time="2.001" classname="ApiAutomation.RestAssuredProject.TC0007_CREATE"/>
  <testcase name="validated_responseBody_Name" time="0.065" classname="ApiAutomation.RestAssuredProject.TC0007_CREATE"/>
  <testcase name="validate_ResposeBodywith_Id" time="0.005" classname="ApiAutomation.RestAssuredProject.TC0007_CREATE"/>
</testsuite> <!-- ApiAutomation.RestAssuredProject.TC0007_CREATE -->
