<?xml version="1.0" encoding="UTF-8"?>
<!-- Generated by org.testng.reporters.JUnitReportReporter -->
<testsuite skipped="0" hostname="Vaibhav" name="ApiAutomation.RestAssuredProject.TC0009RegisterUser" tests="1" failures="0" timestamp="06 Mar 2021 14:34:03 GMT" time="2.941" errors="0">
  <testcase name="registerUser" time="2.941" classname="ApiAutomation.RestAssuredProject.TC0009RegisterUser"/>
</testsuite> <!-- ApiAutomation.RestAssuredProject.TC0009RegisterUser -->
