<?xml version="1.0" encoding="UTF-8"?>
<!-- Generated by org.testng.reporters.JUnitReportReporter -->
<testsuite skipped="0" hostname="Vaibhav" name="ApiAutomation.RestAssuredProject.TC000011Login" tests="1" failures="0" timestamp="06 Mar 2021 14:34:03 GMT" time="1.402" errors="0">
  <testcase name="login" time="1.402" classname="ApiAutomation.RestAssuredProject.TC000011Login"/>
</testsuite> <!-- ApiAutomation.RestAssuredProject.TC000011Login -->
