<?xml version="1.0" encoding="UTF-8"?>
<!-- Generated by org.testng.reporters.JUnitReportReporter -->
<testsuite skipped="0" hostname="Vaibhav" name="ApiAutomation.RestAssuredProject.TC0001" tests="3" failures="0" timestamp="06 Mar 2021 14:34:03 GMT" time="3.522" errors="0">
  <testcase name="validateStatusLine" time="0.010" classname="ApiAutomation.RestAssuredProject.TC0001"/>
  <testcase name="getWeatherDeatils" time="3.507" classname="ApiAutomation.RestAssuredProject.TC0001"/>
  <testcase name="validateStatusCode" time="0.005" classname="ApiAutomation.RestAssuredProject.TC0001"/>
</testsuite> <!-- ApiAutomation.RestAssuredProject.TC0001 -->
