<?xml version="1.0" encoding="UTF-8"?>
<!-- Generated by org.testng.reporters.JUnitReportReporter -->
<testsuite skipped="0" hostname="Vaibhav" name="ApiAutomation.RestAssuredProject.TC0008_PUT_Opeartion" tests="2" failures="0" timestamp="06 Mar 2021 14:34:03 GMT" time="7.108" errors="0">
  <testcase name="validate_Code" time="0.000" classname="ApiAutomation.RestAssuredProject.TC0008_PUT_Opeartion"/>
  <testcase name="update_Operation" time="7.108" classname="ApiAutomation.RestAssuredProject.TC0008_PUT_Opeartion"/>
</testsuite> <!-- ApiAutomation.RestAssuredProject.TC0008_PUT_Opeartion -->
